<?xml version="1.0" encoding="UTF-8"?>
<!-- Generated by org.testng.reporters.JUnitXMLReporter -->
<testsuite hostname="DESKTOP-2BNHLU2" ignored="0" name="Default test" tests="4" failures="0" timestamp="04 Jan 2018 15:46:02 GMT" time="0.322" errors="0">
  <testcase name="checkInValidUser" time="0.0" classname="com.wbl.LoginPageTest">
    <skipped/>
  </testcase> <!-- checkInValidUser -->
  <testcase name="checkInvalidPassword" time="0.0" classname="com.wbl.LoginPageTest">
    <skipped/>
  </testcase> <!-- checkInvalidPassword -->
  <testcase name="checkValidUser" time="0.0" classname="com.wbl.LoginPageTest">
    <skipped/>
  </testcase> <!-- checkValidUser -->
  <testcase name="checkValidUserPassword" time="0.0" classname="com.wbl.LoginPageTest">
    <skipped/>
  </testcase> <!-- checkValidUserPassword -->
</testsuite> <!-- Default test -->
